Error [ERR_PACKAGE_PATH_NOT_EXPORTED]: Package subpath './lib/request' is not defined by "exports" in D:\test_project\testServerless\node-docker\koa-vue-framework-simple\node_modules\koa\package.json
    at exportsNotFound (node:internal/modules/esm/resolve:296:10)
    at packageExportsResolve (node:internal/modules/esm/resolve:643:9)
    at resolveExports (node:internal/modules/cjs/loader:640:36)
    at Function._findPath (node:internal/modules/cjs/loader:748:31)
    at Function._resolveFilename (node:internal/modules/cjs/loader:1235:27)
    at Hook._require.Module.require (C:\Users\82400\AppData\Roaming\npm\node_modules\pm2\node_modules\require-in-the-middle\index.js:61:29)
    at require (node:internal/modules/helpers:141:16)
    at Object.<anonymous> (D:\test_project\testServerless\node-docker\koa-vue-framework-simple\nut-core\Loader\mixin\extend.js:4:14)
    at Module._compile (node:internal/modules/cjs/loader:1546:14)
    at Object..js (node:internal/modules/cjs/loader:1689:10) {
  code: 'ERR_PACKAGE_PATH_NOT_EXPORTED'
}
Error [ERR_PACKAGE_PATH_NOT_EXPORTED]: Package subpath './lib/request' is not defined by "exports" in D:\test_project\testServerless\node-docker\koa-vue-framework-simple\node_modules\koa\package.json
    at exportsNotFound (node:internal/modules/esm/resolve:296:10)
    at packageExportsResolve (node:internal/modules/esm/resolve:643:9)
    at resolveExports (node:internal/modules/cjs/loader:640:36)
    at Function._findPath (node:internal/modules/cjs/loader:748:31)
    at Function._resolveFilename (node:internal/modules/cjs/loader:1235:27)
    at Hook._require.Module.require (C:\Users\82400\AppData\Roaming\npm\node_modules\pm2\node_modules\require-in-the-middle\index.js:61:29)
    at require (node:internal/modules/helpers:141:16)
    at Object.<anonymous> (D:\test_project\testServerless\node-docker\koa-vue-framework-simple\nut-core\Loader\mixin\extend.js:4:14)
    at Module._compile (node:internal/modules/cjs/loader:1546:14)
    at Object..js (node:internal/modules/cjs/loader:1689:10) {
  code: 'ERR_PACKAGE_PATH_NOT_EXPORTED'
}
Error [ERR_PACKAGE_PATH_NOT_EXPORTED]: Package subpath './lib/request' is not defined by "exports" in D:\test_project\testServerless\node-docker\koa-vue-framework-simple\node_modules\koa\package.json
    at exportsNotFound (node:internal/modules/esm/resolve:296:10)
    at packageExportsResolve (node:internal/modules/esm/resolve:643:9)
    at resolveExports (node:internal/modules/cjs/loader:640:36)
    at Function._findPath (node:internal/modules/cjs/loader:748:31)
    at Function._resolveFilename (node:internal/modules/cjs/loader:1235:27)
    at Hook._require.Module.require (C:\Users\82400\AppData\Roaming\npm\node_modules\pm2\node_modules\require-in-the-middle\index.js:61:29)
    at require (node:internal/modules/helpers:141:16)
    at Object.<anonymous> (D:\test_project\testServerless\node-docker\koa-vue-framework-simple\nut-core\Loader\mixin\extend.js:4:14)
    at Module._compile (node:internal/modules/cjs/loader:1546:14)
    at Object..js (node:internal/modules/cjs/loader:1689:10) {
  code: 'ERR_PACKAGE_PATH_NOT_EXPORTED'
}
Error [ERR_PACKAGE_PATH_NOT_EXPORTED]: Package subpath './lib/request' is not defined by "exports" in D:\test_project\testServerless\node-docker\koa-vue-framework-simple\node_modules\koa\package.json
    at exportsNotFound (node:internal/modules/esm/resolve:296:10)
    at packageExportsResolve (node:internal/modules/esm/resolve:643:9)
    at resolveExports (node:internal/modules/cjs/loader:640:36)
    at Function._findPath (node:internal/modules/cjs/loader:748:31)
    at Function._resolveFilename (node:internal/modules/cjs/loader:1235:27)
    at Hook._require.Module.require (C:\Users\82400\AppData\Roaming\npm\node_modules\pm2\node_modules\require-in-the-middle\index.js:61:29)
    at require (node:internal/modules/helpers:141:16)
    at Object.<anonymous> (D:\test_project\testServerless\node-docker\koa-vue-framework-simple\nut-core\Loader\mixin\extend.js:4:14)
    at Module._compile (node:internal/modules/cjs/loader:1546:14)
    at Object..js (node:internal/modules/cjs/loader:1689:10) {
  code: 'ERR_PACKAGE_PATH_NOT_EXPORTED'
}
Error [ERR_PACKAGE_PATH_NOT_EXPORTED]: Package subpath './lib/request' is not defined by "exports" in D:\test_project\testServerless\node-docker\koa-vue-framework-simple\node_modules\koa\package.json
    at exportsNotFound (node:internal/modules/esm/resolve:296:10)
    at packageExportsResolve (node:internal/modules/esm/resolve:643:9)
    at resolveExports (node:internal/modules/cjs/loader:640:36)
    at Function._findPath (node:internal/modules/cjs/loader:748:31)
    at Function._resolveFilename (node:internal/modules/cjs/loader:1235:27)
    at Hook._require.Module.require (C:\Users\82400\AppData\Roaming\npm\node_modules\pm2\node_modules\require-in-the-middle\index.js:61:29)
    at require (node:internal/modules/helpers:141:16)
    at Object.<anonymous> (D:\test_project\testServerless\node-docker\koa-vue-framework-simple\nut-core\Loader\mixin\extend.js:4:14)
    at Module._compile (node:internal/modules/cjs/loader:1546:14)
    at Object..js (node:internal/modules/cjs/loader:1689:10) {
  code: 'ERR_PACKAGE_PATH_NOT_EXPORTED'
}
Error [ERR_PACKAGE_PATH_NOT_EXPORTED]: Package subpath './lib/request' is not defined by "exports" in D:\test_project\testServerless\node-docker\koa-vue-framework-simple\node_modules\koa\package.json
    at exportsNotFound (node:internal/modules/esm/resolve:296:10)
    at packageExportsResolve (node:internal/modules/esm/resolve:643:9)
    at resolveExports (node:internal/modules/cjs/loader:640:36)
    at Function._findPath (node:internal/modules/cjs/loader:748:31)
    at Function._resolveFilename (node:internal/modules/cjs/loader:1235:27)
    at Hook._require.Module.require (C:\Users\82400\AppData\Roaming\npm\node_modules\pm2\node_modules\require-in-the-middle\index.js:61:29)
    at require (node:internal/modules/helpers:141:16)
    at Object.<anonymous> (D:\test_project\testServerless\node-docker\koa-vue-framework-simple\nut-core\Loader\mixin\extend.js:4:14)
    at Module._compile (node:internal/modules/cjs/loader:1546:14)
    at Object..js (node:internal/modules/cjs/loader:1689:10) {
  code: 'ERR_PACKAGE_PATH_NOT_EXPORTED'
}
Error [ERR_PACKAGE_PATH_NOT_EXPORTED]: Package subpath './lib/request' is not defined by "exports" in D:\test_project\testServerless\node-docker\koa-vue-framework-simple\node_modules\koa\package.json
    at exportsNotFound (node:internal/modules/esm/resolve:296:10)
    at packageExportsResolve (node:internal/modules/esm/resolve:643:9)
    at resolveExports (node:internal/modules/cjs/loader:640:36)
    at Function._findPath (node:internal/modules/cjs/loader:748:31)
    at Function._resolveFilename (node:internal/modules/cjs/loader:1235:27)
    at Hook._require.Module.require (C:\Users\82400\AppData\Roaming\npm\node_modules\pm2\node_modules\require-in-the-middle\index.js:61:29)
    at require (node:internal/modules/helpers:141:16)
    at Object.<anonymous> (D:\test_project\testServerless\node-docker\koa-vue-framework-simple\nut-core\Loader\mixin\extend.js:4:14)
    at Module._compile (node:internal/modules/cjs/loader:1546:14)
    at Object..js (node:internal/modules/cjs/loader:1689:10) {
  code: 'ERR_PACKAGE_PATH_NOT_EXPORTED'
}
Error [ERR_PACKAGE_PATH_NOT_EXPORTED]: Package subpath './lib/request' is not defined by "exports" in D:\test_project\testServerless\node-docker\koa-vue-framework-simple\node_modules\koa\package.json
    at exportsNotFound (node:internal/modules/esm/resolve:296:10)
    at packageExportsResolve (node:internal/modules/esm/resolve:643:9)
    at resolveExports (node:internal/modules/cjs/loader:640:36)
    at Function._findPath (node:internal/modules/cjs/loader:748:31)
    at Function._resolveFilename (node:internal/modules/cjs/loader:1235:27)
    at Hook._require.Module.require (C:\Users\82400\AppData\Roaming\npm\node_modules\pm2\node_modules\require-in-the-middle\index.js:61:29)
    at require (node:internal/modules/helpers:141:16)
    at Object.<anonymous> (D:\test_project\testServerless\node-docker\koa-vue-framework-simple\nut-core\Loader\mixin\extend.js:4:14)
    at Module._compile (node:internal/modules/cjs/loader:1546:14)
    at Object..js (node:internal/modules/cjs/loader:1689:10) {
  code: 'ERR_PACKAGE_PATH_NOT_EXPORTED'
}
Error [ERR_PACKAGE_PATH_NOT_EXPORTED]: Package subpath './lib/request' is not defined by "exports" in D:\test_project\testServerless\node-docker\koa-vue-framework-simple\node_modules\koa\package.json
    at exportsNotFound (node:internal/modules/esm/resolve:296:10)
    at packageExportsResolve (node:internal/modules/esm/resolve:643:9)
    at resolveExports (node:internal/modules/cjs/loader:640:36)
    at Function._findPath (node:internal/modules/cjs/loader:748:31)
    at Function._resolveFilename (node:internal/modules/cjs/loader:1235:27)
    at Hook._require.Module.require (C:\Users\82400\AppData\Roaming\npm\node_modules\pm2\node_modules\require-in-the-middle\index.js:61:29)
    at require (node:internal/modules/helpers:141:16)
    at Object.<anonymous> (D:\test_project\testServerless\node-docker\koa-vue-framework-simple\nut-core\Loader\mixin\extend.js:4:14)
    at Module._compile (node:internal/modules/cjs/loader:1546:14)
    at Object..js (node:internal/modules/cjs/loader:1689:10) {
  code: 'ERR_PACKAGE_PATH_NOT_EXPORTED'
}
Error [ERR_PACKAGE_PATH_NOT_EXPORTED]: Package subpath './lib/request' is not defined by "exports" in D:\test_project\testServerless\node-docker\koa-vue-framework-simple\node_modules\koa\package.json
    at exportsNotFound (node:internal/modules/esm/resolve:296:10)
    at packageExportsResolve (node:internal/modules/esm/resolve:643:9)
    at resolveExports (node:internal/modules/cjs/loader:640:36)
    at Function._findPath (node:internal/modules/cjs/loader:748:31)
    at Function._resolveFilename (node:internal/modules/cjs/loader:1235:27)
    at Hook._require.Module.require (C:\Users\82400\AppData\Roaming\npm\node_modules\pm2\node_modules\require-in-the-middle\index.js:61:29)
    at require (node:internal/modules/helpers:141:16)
    at Object.<anonymous> (D:\test_project\testServerless\node-docker\koa-vue-framework-simple\nut-core\Loader\mixin\extend.js:4:14)
    at Module._compile (node:internal/modules/cjs/loader:1546:14)
    at Object..js (node:internal/modules/cjs/loader:1689:10) {
  code: 'ERR_PACKAGE_PATH_NOT_EXPORTED'
}
Error [ERR_PACKAGE_PATH_NOT_EXPORTED]: Package subpath './lib/request' is not defined by "exports" in D:\test_project\testServerless\node-docker\koa-vue-framework-simple\node_modules\koa\package.json
    at exportsNotFound (node:internal/modules/esm/resolve:296:10)
    at packageExportsResolve (node:internal/modules/esm/resolve:643:9)
    at resolveExports (node:internal/modules/cjs/loader:640:36)
    at Function._findPath (node:internal/modules/cjs/loader:748:31)
    at Function._resolveFilename (node:internal/modules/cjs/loader:1235:27)
    at Hook._require.Module.require (C:\Users\82400\AppData\Roaming\npm\node_modules\pm2\node_modules\require-in-the-middle\index.js:61:29)
    at require (node:internal/modules/helpers:141:16)
    at Object.<anonymous> (D:\test_project\testServerless\node-docker\koa-vue-framework-simple\nut-core\Loader\mixin\extend.js:4:14)
    at Module._compile (node:internal/modules/cjs/loader:1546:14)
    at Object..js (node:internal/modules/cjs/loader:1689:10) {
  code: 'ERR_PACKAGE_PATH_NOT_EXPORTED'
}
Error [ERR_PACKAGE_PATH_NOT_EXPORTED]: Package subpath './lib/request' is not defined by "exports" in D:\test_project\testServerless\node-docker\koa-vue-framework-simple\node_modules\koa\package.json
    at exportsNotFound (node:internal/modules/esm/resolve:296:10)
    at packageExportsResolve (node:internal/modules/esm/resolve:643:9)
    at resolveExports (node:internal/modules/cjs/loader:640:36)
    at Function._findPath (node:internal/modules/cjs/loader:748:31)
    at Function._resolveFilename (node:internal/modules/cjs/loader:1235:27)
    at Hook._require.Module.require (C:\Users\82400\AppData\Roaming\npm\node_modules\pm2\node_modules\require-in-the-middle\index.js:61:29)
    at require (node:internal/modules/helpers:141:16)
    at Object.<anonymous> (D:\test_project\testServerless\node-docker\koa-vue-framework-simple\nut-core\Loader\mixin\extend.js:4:14)
    at Module._compile (node:internal/modules/cjs/loader:1546:14)
    at Object..js (node:internal/modules/cjs/loader:1689:10) {
  code: 'ERR_PACKAGE_PATH_NOT_EXPORTED'
}
Error [ERR_PACKAGE_PATH_NOT_EXPORTED]: Package subpath './lib/request' is not defined by "exports" in D:\test_project\testServerless\node-docker\koa-vue-framework-simple\node_modules\koa\package.json
    at exportsNotFound (node:internal/modules/esm/resolve:296:10)
    at packageExportsResolve (node:internal/modules/esm/resolve:643:9)
    at resolveExports (node:internal/modules/cjs/loader:640:36)
    at Function._findPath (node:internal/modules/cjs/loader:748:31)
    at Function._resolveFilename (node:internal/modules/cjs/loader:1235:27)
    at Hook._require.Module.require (C:\Users\82400\AppData\Roaming\npm\node_modules\pm2\node_modules\require-in-the-middle\index.js:61:29)
    at require (node:internal/modules/helpers:141:16)
    at Object.<anonymous> (D:\test_project\testServerless\node-docker\koa-vue-framework-simple\nut-core\Loader\mixin\extend.js:4:14)
    at Module._compile (node:internal/modules/cjs/loader:1546:14)
    at Object..js (node:internal/modules/cjs/loader:1689:10) {
  code: 'ERR_PACKAGE_PATH_NOT_EXPORTED'
}
Error [ERR_PACKAGE_PATH_NOT_EXPORTED]: Package subpath './lib/request' is not defined by "exports" in D:\test_project\testServerless\node-docker\koa-vue-framework-simple\node_modules\koa\package.json
    at exportsNotFound (node:internal/modules/esm/resolve:296:10)
    at packageExportsResolve (node:internal/modules/esm/resolve:643:9)
    at resolveExports (node:internal/modules/cjs/loader:640:36)
    at Function._findPath (node:internal/modules/cjs/loader:748:31)
    at Function._resolveFilename (node:internal/modules/cjs/loader:1235:27)
    at Hook._require.Module.require (C:\Users\82400\AppData\Roaming\npm\node_modules\pm2\node_modules\require-in-the-middle\index.js:61:29)
    at require (node:internal/modules/helpers:141:16)
    at Object.<anonymous> (D:\test_project\testServerless\node-docker\koa-vue-framework-simple\nut-core\Loader\mixin\extend.js:4:14)
    at Module._compile (node:internal/modules/cjs/loader:1546:14)
    at Object..js (node:internal/modules/cjs/loader:1689:10) {
  code: 'ERR_PACKAGE_PATH_NOT_EXPORTED'
}
Error [ERR_PACKAGE_PATH_NOT_EXPORTED]: Package subpath './lib/request' is not defined by "exports" in D:\test_project\testServerless\node-docker\koa-vue-framework-simple\node_modules\koa\package.json
    at exportsNotFound (node:internal/modules/esm/resolve:296:10)
    at packageExportsResolve (node:internal/modules/esm/resolve:643:9)
    at resolveExports (node:internal/modules/cjs/loader:640:36)
    at Function._findPath (node:internal/modules/cjs/loader:748:31)
    at Function._resolveFilename (node:internal/modules/cjs/loader:1235:27)
    at Hook._require.Module.require (C:\Users\82400\AppData\Roaming\npm\node_modules\pm2\node_modules\require-in-the-middle\index.js:61:29)
    at require (node:internal/modules/helpers:141:16)
    at Object.<anonymous> (D:\test_project\testServerless\node-docker\koa-vue-framework-simple\nut-core\Loader\mixin\extend.js:4:14)
    at Module._compile (node:internal/modules/cjs/loader:1546:14)
    at Object..js (node:internal/modules/cjs/loader:1689:10) {
  code: 'ERR_PACKAGE_PATH_NOT_EXPORTED'
}
Error [ERR_PACKAGE_PATH_NOT_EXPORTED]: Package subpath './lib/request' is not defined by "exports" in D:\test_project\testServerless\node-docker\koa-vue-framework-simple\node_modules\koa\package.json
    at exportsNotFound (node:internal/modules/esm/resolve:296:10)
    at packageExportsResolve (node:internal/modules/esm/resolve:643:9)
    at resolveExports (node:internal/modules/cjs/loader:640:36)
    at Function._findPath (node:internal/modules/cjs/loader:748:31)
    at Function._resolveFilename (node:internal/modules/cjs/loader:1235:27)
    at Hook._require.Module.require (C:\Users\82400\AppData\Roaming\npm\node_modules\pm2\node_modules\require-in-the-middle\index.js:61:29)
    at require (node:internal/modules/helpers:141:16)
    at Object.<anonymous> (D:\test_project\testServerless\node-docker\koa-vue-framework-simple\nut-core\Loader\mixin\extend.js:4:14)
    at Module._compile (node:internal/modules/cjs/loader:1546:14)
    at Object..js (node:internal/modules/cjs/loader:1689:10) {
  code: 'ERR_PACKAGE_PATH_NOT_EXPORTED'
}
Error [ERR_PACKAGE_PATH_NOT_EXPORTED]: Package subpath './lib/request' is not defined by "exports" in D:\test_project\testServerless\node-docker\koa-vue-framework-simple\node_modules\koa\package.json
    at exportsNotFound (node:internal/modules/esm/resolve:296:10)
    at packageExportsResolve (node:internal/modules/esm/resolve:643:9)
    at resolveExports (node:internal/modules/cjs/loader:640:36)
    at Function._findPath (node:internal/modules/cjs/loader:748:31)
    at Function._resolveFilename (node:internal/modules/cjs/loader:1235:27)
    at Hook._require.Module.require (C:\Users\82400\AppData\Roaming\npm\node_modules\pm2\node_modules\require-in-the-middle\index.js:61:29)
    at require (node:internal/modules/helpers:141:16)
    at Object.<anonymous> (D:\test_project\testServerless\node-docker\koa-vue-framework-simple\nut-core\Loader\mixin\extend.js:4:14)
    at Module._compile (node:internal/modules/cjs/loader:1546:14)
    at Object..js (node:internal/modules/cjs/loader:1689:10) {
  code: 'ERR_PACKAGE_PATH_NOT_EXPORTED'
}
Error [ERR_PACKAGE_PATH_NOT_EXPORTED]: Package subpath './lib/request' is not defined by "exports" in D:\test_project\testServerless\node-docker\koa-vue-framework-simple\node_modules\koa\package.json
    at exportsNotFound (node:internal/modules/esm/resolve:296:10)
    at packageExportsResolve (node:internal/modules/esm/resolve:643:9)
    at resolveExports (node:internal/modules/cjs/loader:640:36)
    at Function._findPath (node:internal/modules/cjs/loader:748:31)
    at Function._resolveFilename (node:internal/modules/cjs/loader:1235:27)
    at Hook._require.Module.require (C:\Users\82400\AppData\Roaming\npm\node_modules\pm2\node_modules\require-in-the-middle\index.js:61:29)
    at require (node:internal/modules/helpers:141:16)
    at Object.<anonymous> (D:\test_project\testServerless\node-docker\koa-vue-framework-simple\nut-core\Loader\mixin\extend.js:4:14)
    at Module._compile (node:internal/modules/cjs/loader:1546:14)
    at Object..js (node:internal/modules/cjs/loader:1689:10) {
  code: 'ERR_PACKAGE_PATH_NOT_EXPORTED'
}
Error [ERR_PACKAGE_PATH_NOT_EXPORTED]: Package subpath './lib/request' is not defined by "exports" in D:\test_project\testServerless\node-docker\koa-vue-framework-simple\node_modules\koa\package.json
    at exportsNotFound (node:internal/modules/esm/resolve:296:10)
    at packageExportsResolve (node:internal/modules/esm/resolve:643:9)
    at resolveExports (node:internal/modules/cjs/loader:640:36)
    at Function._findPath (node:internal/modules/cjs/loader:748:31)
    at Function._resolveFilename (node:internal/modules/cjs/loader:1235:27)
    at Hook._require.Module.require (C:\Users\82400\AppData\Roaming\npm\node_modules\pm2\node_modules\require-in-the-middle\index.js:61:29)
    at require (node:internal/modules/helpers:141:16)
    at Object.<anonymous> (D:\test_project\testServerless\node-docker\koa-vue-framework-simple\nut-core\Loader\mixin\extend.js:4:14)
    at Module._compile (node:internal/modules/cjs/loader:1546:14)
    at Object..js (node:internal/modules/cjs/loader:1689:10) {
  code: 'ERR_PACKAGE_PATH_NOT_EXPORTED'
}
Error [ERR_PACKAGE_PATH_NOT_EXPORTED]: Package subpath './lib/request' is not defined by "exports" in D:\test_project\testServerless\node-docker\koa-vue-framework-simple\node_modules\koa\package.json
    at exportsNotFound (node:internal/modules/esm/resolve:296:10)
    at packageExportsResolve (node:internal/modules/esm/resolve:643:9)
    at resolveExports (node:internal/modules/cjs/loader:640:36)
    at Function._findPath (node:internal/modules/cjs/loader:748:31)
    at Function._resolveFilename (node:internal/modules/cjs/loader:1235:27)
    at Hook._require.Module.require (C:\Users\82400\AppData\Roaming\npm\node_modules\pm2\node_modules\require-in-the-middle\index.js:61:29)
    at require (node:internal/modules/helpers:141:16)
    at Object.<anonymous> (D:\test_project\testServerless\node-docker\koa-vue-framework-simple\nut-core\Loader\mixin\extend.js:4:14)
    at Module._compile (node:internal/modules/cjs/loader:1546:14)
    at Object..js (node:internal/modules/cjs/loader:1689:10) {
  code: 'ERR_PACKAGE_PATH_NOT_EXPORTED'
}
Error [ERR_PACKAGE_PATH_NOT_EXPORTED]: Package subpath './lib/request' is not defined by "exports" in D:\test_project\testServerless\node-docker\koa-vue-framework-simple\node_modules\koa\package.json
    at exportsNotFound (node:internal/modules/esm/resolve:296:10)
    at packageExportsResolve (node:internal/modules/esm/resolve:643:9)
    at resolveExports (node:internal/modules/cjs/loader:640:36)
    at Function._findPath (node:internal/modules/cjs/loader:748:31)
    at Function._resolveFilename (node:internal/modules/cjs/loader:1235:27)
    at Hook._require.Module.require (C:\Users\82400\AppData\Roaming\npm\node_modules\pm2\node_modules\require-in-the-middle\index.js:61:29)
    at require (node:internal/modules/helpers:141:16)
    at Object.<anonymous> (D:\test_project\testServerless\node-docker\koa-vue-framework-simple\nut-core\Loader\mixin\extend.js:4:14)
    at Module._compile (node:internal/modules/cjs/loader:1546:14)
    at Object..js (node:internal/modules/cjs/loader:1689:10) {
  code: 'ERR_PACKAGE_PATH_NOT_EXPORTED'
}
Error [ERR_PACKAGE_PATH_NOT_EXPORTED]: Package subpath './lib/request' is not defined by "exports" in D:\test_project\testServerless\node-docker\koa-vue-framework-simple\node_modules\koa\package.json
    at exportsNotFound (node:internal/modules/esm/resolve:296:10)
    at packageExportsResolve (node:internal/modules/esm/resolve:643:9)
    at resolveExports (node:internal/modules/cjs/loader:640:36)
    at Function._findPath (node:internal/modules/cjs/loader:748:31)
    at Function._resolveFilename (node:internal/modules/cjs/loader:1235:27)
    at Hook._require.Module.require (C:\Users\82400\AppData\Roaming\npm\node_modules\pm2\node_modules\require-in-the-middle\index.js:61:29)
    at require (node:internal/modules/helpers:141:16)
    at Object.<anonymous> (D:\test_project\testServerless\node-docker\koa-vue-framework-simple\nut-core\Loader\mixin\extend.js:4:14)
    at Module._compile (node:internal/modules/cjs/loader:1546:14)
    at Object..js (node:internal/modules/cjs/loader:1689:10) {
  code: 'ERR_PACKAGE_PATH_NOT_EXPORTED'
}
Error [ERR_PACKAGE_PATH_NOT_EXPORTED]: Package subpath './lib/request' is not defined by "exports" in D:\test_project\testServerless\node-docker\koa-vue-framework-simple\node_modules\koa\package.json
    at exportsNotFound (node:internal/modules/esm/resolve:296:10)
    at packageExportsResolve (node:internal/modules/esm/resolve:643:9)
    at resolveExports (node:internal/modules/cjs/loader:640:36)
    at Function._findPath (node:internal/modules/cjs/loader:748:31)
    at Function._resolveFilename (node:internal/modules/cjs/loader:1235:27)
    at Hook._require.Module.require (C:\Users\82400\AppData\Roaming\npm\node_modules\pm2\node_modules\require-in-the-middle\index.js:61:29)
    at require (node:internal/modules/helpers:141:16)
    at Object.<anonymous> (D:\test_project\testServerless\node-docker\koa-vue-framework-simple\nut-core\Loader\mixin\extend.js:4:14)
    at Module._compile (node:internal/modules/cjs/loader:1546:14)
    at Object..js (node:internal/modules/cjs/loader:1689:10) {
  code: 'ERR_PACKAGE_PATH_NOT_EXPORTED'
}
Error [ERR_PACKAGE_PATH_NOT_EXPORTED]: Package subpath './lib/request' is not defined by "exports" in D:\test_project\testServerless\node-docker\koa-vue-framework-simple\node_modules\koa\package.json
    at exportsNotFound (node:internal/modules/esm/resolve:296:10)
    at packageExportsResolve (node:internal/modules/esm/resolve:643:9)
    at resolveExports (node:internal/modules/cjs/loader:640:36)
    at Function._findPath (node:internal/modules/cjs/loader:748:31)
    at Function._resolveFilename (node:internal/modules/cjs/loader:1235:27)
    at Hook._require.Module.require (C:\Users\82400\AppData\Roaming\npm\node_modules\pm2\node_modules\require-in-the-middle\index.js:61:29)
    at require (node:internal/modules/helpers:141:16)
    at Object.<anonymous> (D:\test_project\testServerless\node-docker\koa-vue-framework-simple\nut-core\Loader\mixin\extend.js:4:14)
    at Module._compile (node:internal/modules/cjs/loader:1546:14)
    at Object..js (node:internal/modules/cjs/loader:1689:10) {
  code: 'ERR_PACKAGE_PATH_NOT_EXPORTED'
}
Error [ERR_PACKAGE_PATH_NOT_EXPORTED]: Package subpath './lib/request' is not defined by "exports" in D:\test_project\testServerless\node-docker\koa-vue-framework-simple\node_modules\koa\package.json
    at exportsNotFound (node:internal/modules/esm/resolve:296:10)
    at packageExportsResolve (node:internal/modules/esm/resolve:643:9)
    at resolveExports (node:internal/modules/cjs/loader:640:36)
    at Function._findPath (node:internal/modules/cjs/loader:748:31)
    at Function._resolveFilename (node:internal/modules/cjs/loader:1235:27)
    at Hook._require.Module.require (C:\Users\82400\AppData\Roaming\npm\node_modules\pm2\node_modules\require-in-the-middle\index.js:61:29)
    at require (node:internal/modules/helpers:141:16)
    at Object.<anonymous> (D:\test_project\testServerless\node-docker\koa-vue-framework-simple\nut-core\Loader\mixin\extend.js:4:14)
    at Module._compile (node:internal/modules/cjs/loader:1546:14)
    at Object..js (node:internal/modules/cjs/loader:1689:10) {
  code: 'ERR_PACKAGE_PATH_NOT_EXPORTED'
}
Error [ERR_PACKAGE_PATH_NOT_EXPORTED]: Package subpath './lib/request' is not defined by "exports" in D:\test_project\testServerless\node-docker\koa-vue-framework-simple\node_modules\koa\package.json
    at exportsNotFound (node:internal/modules/esm/resolve:296:10)
    at packageExportsResolve (node:internal/modules/esm/resolve:643:9)
    at resolveExports (node:internal/modules/cjs/loader:640:36)
    at Function._findPath (node:internal/modules/cjs/loader:748:31)
    at Function._resolveFilename (node:internal/modules/cjs/loader:1235:27)
    at Hook._require.Module.require (C:\Users\82400\AppData\Roaming\npm\node_modules\pm2\node_modules\require-in-the-middle\index.js:61:29)
    at require (node:internal/modules/helpers:141:16)
    at Object.<anonymous> (D:\test_project\testServerless\node-docker\koa-vue-framework-simple\nut-core\Loader\mixin\extend.js:4:14)
    at Module._compile (node:internal/modules/cjs/loader:1546:14)
    at Object..js (node:internal/modules/cjs/loader:1689:10) {
  code: 'ERR_PACKAGE_PATH_NOT_EXPORTED'
}
Error [ERR_PACKAGE_PATH_NOT_EXPORTED]: Package subpath './lib/request' is not defined by "exports" in D:\test_project\testServerless\node-docker\koa-vue-framework-simple\node_modules\koa\package.json
    at exportsNotFound (node:internal/modules/esm/resolve:296:10)
    at packageExportsResolve (node:internal/modules/esm/resolve:643:9)
    at resolveExports (node:internal/modules/cjs/loader:640:36)
    at Function._findPath (node:internal/modules/cjs/loader:748:31)
    at Function._resolveFilename (node:internal/modules/cjs/loader:1235:27)
    at Hook._require.Module.require (C:\Users\82400\AppData\Roaming\npm\node_modules\pm2\node_modules\require-in-the-middle\index.js:61:29)
    at require (node:internal/modules/helpers:141:16)
    at Object.<anonymous> (D:\test_project\testServerless\node-docker\koa-vue-framework-simple\nut-core\Loader\mixin\extend.js:4:14)
    at Module._compile (node:internal/modules/cjs/loader:1546:14)
    at Object..js (node:internal/modules/cjs/loader:1689:10) {
  code: 'ERR_PACKAGE_PATH_NOT_EXPORTED'
}
Error [ERR_PACKAGE_PATH_NOT_EXPORTED]: Package subpath './lib/request' is not defined by "exports" in D:\test_project\testServerless\node-docker\koa-vue-framework-simple\node_modules\koa\package.json
    at exportsNotFound (node:internal/modules/esm/resolve:296:10)
    at packageExportsResolve (node:internal/modules/esm/resolve:643:9)
    at resolveExports (node:internal/modules/cjs/loader:640:36)
    at Function._findPath (node:internal/modules/cjs/loader:748:31)
    at Function._resolveFilename (node:internal/modules/cjs/loader:1235:27)
    at Hook._require.Module.require (C:\Users\82400\AppData\Roaming\npm\node_modules\pm2\node_modules\require-in-the-middle\index.js:61:29)
    at require (node:internal/modules/helpers:141:16)
    at Object.<anonymous> (D:\test_project\testServerless\node-docker\koa-vue-framework-simple\nut-core\Loader\mixin\extend.js:4:14)
    at Module._compile (node:internal/modules/cjs/loader:1546:14)
    at Object..js (node:internal/modules/cjs/loader:1689:10) {
  code: 'ERR_PACKAGE_PATH_NOT_EXPORTED'
}
Error [ERR_PACKAGE_PATH_NOT_EXPORTED]: Package subpath './lib/request' is not defined by "exports" in D:\test_project\testServerless\node-docker\koa-vue-framework-simple\node_modules\koa\package.json
    at exportsNotFound (node:internal/modules/esm/resolve:296:10)
    at packageExportsResolve (node:internal/modules/esm/resolve:643:9)
    at resolveExports (node:internal/modules/cjs/loader:640:36)
    at Function._findPath (node:internal/modules/cjs/loader:748:31)
    at Function._resolveFilename (node:internal/modules/cjs/loader:1235:27)
    at Hook._require.Module.require (C:\Users\82400\AppData\Roaming\npm\node_modules\pm2\node_modules\require-in-the-middle\index.js:61:29)
    at require (node:internal/modules/helpers:141:16)
    at Object.<anonymous> (D:\test_project\testServerless\node-docker\koa-vue-framework-simple\nut-core\Loader\mixin\extend.js:4:14)
    at Module._compile (node:internal/modules/cjs/loader:1546:14)
    at Object..js (node:internal/modules/cjs/loader:1689:10) {
  code: 'ERR_PACKAGE_PATH_NOT_EXPORTED'
}
Error [ERR_PACKAGE_PATH_NOT_EXPORTED]: Package subpath './lib/request' is not defined by "exports" in D:\test_project\testServerless\node-docker\koa-vue-framework-simple\node_modules\koa\package.json
    at exportsNotFound (node:internal/modules/esm/resolve:296:10)
    at packageExportsResolve (node:internal/modules/esm/resolve:643:9)
    at resolveExports (node:internal/modules/cjs/loader:640:36)
    at Function._findPath (node:internal/modules/cjs/loader:748:31)
    at Function._resolveFilename (node:internal/modules/cjs/loader:1235:27)
    at Hook._require.Module.require (C:\Users\82400\AppData\Roaming\npm\node_modules\pm2\node_modules\require-in-the-middle\index.js:61:29)
    at require (node:internal/modules/helpers:141:16)
    at Object.<anonymous> (D:\test_project\testServerless\node-docker\koa-vue-framework-simple\nut-core\Loader\mixin\extend.js:4:14)
    at Module._compile (node:internal/modules/cjs/loader:1546:14)
    at Object..js (node:internal/modules/cjs/loader:1689:10) {
  code: 'ERR_PACKAGE_PATH_NOT_EXPORTED'
}
Error [ERR_PACKAGE_PATH_NOT_EXPORTED]: Package subpath './lib/request' is not defined by "exports" in D:\test_project\testServerless\node-docker\koa-vue-framework-simple\node_modules\koa\package.json
    at exportsNotFound (node:internal/modules/esm/resolve:296:10)
    at packageExportsResolve (node:internal/modules/esm/resolve:643:9)
    at resolveExports (node:internal/modules/cjs/loader:640:36)
    at Function._findPath (node:internal/modules/cjs/loader:748:31)
    at Function._resolveFilename (node:internal/modules/cjs/loader:1235:27)
    at Hook._require.Module.require (C:\Users\82400\AppData\Roaming\npm\node_modules\pm2\node_modules\require-in-the-middle\index.js:61:29)
    at require (node:internal/modules/helpers:141:16)
    at Object.<anonymous> (D:\test_project\testServerless\node-docker\koa-vue-framework-simple\nut-core\Loader\mixin\extend.js:4:14)
    at Module._compile (node:internal/modules/cjs/loader:1546:14)
    at Object..js (node:internal/modules/cjs/loader:1689:10) {
  code: 'ERR_PACKAGE_PATH_NOT_EXPORTED'
}
server error [Error: ENOENT: no such file or directory, open 'D:\test_project\testServerless\node-docker\koa-vue-framework-simple\vue-pages\test.html'] {
  errno: -4058,
  code: 'ENOENT',
  syscall: 'open',
  path: 'D:\\test_project\\testServerless\\node-docker\\koa-vue-framework-simple\\vue-pages\\test.html'
} {
  request: {
    method: 'GET',
    url: '/',
    header: {
      host: 'localhost:3002',
      'user-agent': 'Mozilla/5.0 (Windows NT 10.0; Win64; x64; rv:134.0) Gecko/20100101 Firefox/134.0',
      accept: 'text/html,application/xhtml+xml,application/xml;q=0.9,*/*;q=0.8',
      'accept-language': 'zh-CN,zh;q=0.8,zh-TW;q=0.7,zh-HK;q=0.5,en-US;q=0.3,en;q=0.2',
      'accept-encoding': 'gzip, deflate, br, zstd',
      connection: 'keep-alive',
      cookie: 'Webstorm-3565e98b=6cc461ea-2313-4958-8de5-fb02727381f6',
      'upgrade-insecure-requests': '1',
      'sec-fetch-dest': 'document',
      'sec-fetch-mode': 'navigate',
      'sec-fetch-site': 'none',
      'sec-fetch-user': '?1',
      priority: 'u=0, i'
    }
  },
  response: {
    status: 404,
    message: 'Not Found',
    header: [Object: null prototype] {
      'access-control-allow-origin': 'http://localhost:8081',
      'access-control-allow-headers': 'Origin, X-Requested-With, Content-Type, Accept, accesstoken',
      'access-control-allow-credentials': 'true'
    }
  },
  app: { subdomainOffset: 2, proxy: false, env: 'development' },
  originalUrl: '/',
  req: '<original node req>',
  res: '<original node res>',
  socket: '<original node socket>'
}
server error [Error: ENOENT: no such file or directory, open 'D:\test_project\testServerless\node-docker\koa-vue-framework-simple\vue-pages\test.html'] {
  errno: -4058,
  code: 'ENOENT',
  syscall: 'open',
  path: 'D:\\test_project\\testServerless\\node-docker\\koa-vue-framework-simple\\vue-pages\\test.html'
} {
  request: {
    method: 'GET',
    url: '/',
    header: {
      host: 'localhost:3002',
      'user-agent': 'Mozilla/5.0 (Windows NT 10.0; Win64; x64; rv:134.0) Gecko/20100101 Firefox/134.0',
      accept: 'text/html,application/xhtml+xml,application/xml;q=0.9,*/*;q=0.8',
      'accept-language': 'zh-CN,zh;q=0.8,zh-TW;q=0.7,zh-HK;q=0.5,en-US;q=0.3,en;q=0.2',
      'accept-encoding': 'gzip, deflate, br, zstd',
      connection: 'keep-alive',
      cookie: 'Webstorm-3565e98b=6cc461ea-2313-4958-8de5-fb02727381f6',
      'upgrade-insecure-requests': '1',
      'sec-fetch-dest': 'document',
      'sec-fetch-mode': 'navigate',
      'sec-fetch-site': 'none',
      'sec-fetch-user': '?1',
      priority: 'u=0, i',
      pragma: 'no-cache',
      'cache-control': 'no-cache'
    }
  },
  response: {
    status: 404,
    message: 'Not Found',
    header: [Object: null prototype] {
      'access-control-allow-origin': 'http://localhost:8081',
      'access-control-allow-headers': 'Origin, X-Requested-With, Content-Type, Accept, accesstoken',
      'access-control-allow-credentials': 'true'
    }
  },
  app: { subdomainOffset: 2, proxy: false, env: 'development' },
  originalUrl: '/',
  req: '<original node req>',
  res: '<original node res>',
  socket: '<original node socket>'
}
server error [Error: ENOENT: no such file or directory, open 'D:\test_project\testServerless\node-docker\koa-vue-framework-simple\vue-pages\test.html'] {
  errno: -4058,
  code: 'ENOENT',
  syscall: 'open',
  path: 'D:\\test_project\\testServerless\\node-docker\\koa-vue-framework-simple\\vue-pages\\test.html'
} {
  request: {
    method: 'GET',
    url: '/',
    header: {
      host: 'localhost:3002',
      'user-agent': 'Mozilla/5.0 (Windows NT 10.0; Win64; x64; rv:134.0) Gecko/20100101 Firefox/134.0',
      accept: 'text/html,application/xhtml+xml,application/xml;q=0.9,*/*;q=0.8',
      'accept-language': 'zh-CN,zh;q=0.8,zh-TW;q=0.7,zh-HK;q=0.5,en-US;q=0.3,en;q=0.2',
      'accept-encoding': 'gzip, deflate, br, zstd',
      connection: 'keep-alive',
      cookie: 'Webstorm-3565e98b=6cc461ea-2313-4958-8de5-fb02727381f6',
      'upgrade-insecure-requests': '1',
      'sec-fetch-dest': 'document',
      'sec-fetch-mode': 'navigate',
      'sec-fetch-site': 'none',
      'sec-fetch-user': '?1',
      priority: 'u=0, i',
      pragma: 'no-cache',
      'cache-control': 'no-cache'
    }
  },
  response: {
    status: 404,
    message: 'Not Found',
    header: [Object: null prototype] {
      'access-control-allow-origin': 'http://localhost:8081',
      'access-control-allow-headers': 'Origin, X-Requested-With, Content-Type, Accept, accesstoken',
      'access-control-allow-credentials': 'true'
    }
  },
  app: { subdomainOffset: 2, proxy: false, env: 'development' },
  originalUrl: '/',
  req: '<original node req>',
  res: '<original node res>',
  socket: '<original node socket>'
}
server error [Error: ENOENT: no such file or directory, open 'D:\test_project\testServerless\node-docker\koa-vue-framework-simple\vue-pages\test.html'] {
  errno: -4058,
  code: 'ENOENT',
  syscall: 'open',
  path: 'D:\\test_project\\testServerless\\node-docker\\koa-vue-framework-simple\\vue-pages\\test.html'
} {
  request: {
    method: 'GET',
    url: '/',
    header: {
      host: 'localhost:3002',
      'user-agent': 'Mozilla/5.0 (Windows NT 10.0; Win64; x64; rv:134.0) Gecko/20100101 Firefox/134.0',
      accept: 'text/html,application/xhtml+xml,application/xml;q=0.9,*/*;q=0.8',
      'accept-language': 'zh-CN,zh;q=0.8,zh-TW;q=0.7,zh-HK;q=0.5,en-US;q=0.3,en;q=0.2',
      'accept-encoding': 'gzip, deflate, br, zstd',
      connection: 'keep-alive',
      cookie: 'Webstorm-3565e98b=6cc461ea-2313-4958-8de5-fb02727381f6',
      'upgrade-insecure-requests': '1',
      'sec-fetch-dest': 'document',
      'sec-fetch-mode': 'navigate',
      'sec-fetch-site': 'none',
      'sec-fetch-user': '?1',
      priority: 'u=0, i',
      pragma: 'no-cache',
      'cache-control': 'no-cache'
    }
  },
  response: {
    status: 404,
    message: 'Not Found',
    header: [Object: null prototype] {
      'access-control-allow-origin': 'http://localhost:8081',
      'access-control-allow-headers': 'Origin, X-Requested-With, Content-Type, Accept, accesstoken',
      'access-control-allow-credentials': 'true'
    }
  },
  app: { subdomainOffset: 2, proxy: false, env: 'development' },
  originalUrl: '/',
  req: '<original node req>',
  res: '<original node res>',
  socket: '<original node socket>'
}
server error [Error: ENOENT: no such file or directory, open 'D:\test_project\testServerless\node-docker\koa-vue-framework-simple\vue-pages\test.html'] {
  errno: -4058,
  code: 'ENOENT',
  syscall: 'open',
  path: 'D:\\test_project\\testServerless\\node-docker\\koa-vue-framework-simple\\vue-pages\\test.html'
} {
  request: {
    method: 'GET',
    url: '/',
    header: {
      host: 'localhost:3002',
      'user-agent': 'Mozilla/5.0 (Windows NT 10.0; Win64; x64; rv:134.0) Gecko/20100101 Firefox/134.0',
      accept: 'text/html,application/xhtml+xml,application/xml;q=0.9,*/*;q=0.8',
      'accept-language': 'zh-CN,zh;q=0.8,zh-TW;q=0.7,zh-HK;q=0.5,en-US;q=0.3,en;q=0.2',
      'accept-encoding': 'gzip, deflate, br, zstd',
      connection: 'keep-alive',
      cookie: 'Webstorm-3565e98b=6cc461ea-2313-4958-8de5-fb02727381f6',
      'upgrade-insecure-requests': '1',
      'sec-fetch-dest': 'document',
      'sec-fetch-mode': 'navigate',
      'sec-fetch-site': 'none',
      'sec-fetch-user': '?1',
      priority: 'u=0, i',
      pragma: 'no-cache',
      'cache-control': 'no-cache'
    }
  },
  response: {
    status: 404,
    message: 'Not Found',
    header: [Object: null prototype] {
      'access-control-allow-origin': 'http://localhost:8081',
      'access-control-allow-headers': 'Origin, X-Requested-With, Content-Type, Accept, accesstoken',
      'access-control-allow-credentials': 'true'
    }
  },
  app: { subdomainOffset: 2, proxy: false, env: 'development' },
  originalUrl: '/',
  req: '<original node req>',
  res: '<original node res>',
  socket: '<original node socket>'
}
server error [Error: ENOENT: no such file or directory, open 'D:\test_project\testServerless\node-docker\koa-vue-framework-simple\vue-pages\test.html'] {
  errno: -4058,
  code: 'ENOENT',
  syscall: 'open',
  path: 'D:\\test_project\\testServerless\\node-docker\\koa-vue-framework-simple\\vue-pages\\test.html'
} {
  request: {
    method: 'GET',
    url: '/',
    header: {
      host: 'localhost:3002',
      'user-agent': 'Mozilla/5.0 (Windows NT 10.0; Win64; x64; rv:134.0) Gecko/20100101 Firefox/134.0',
      accept: 'text/html,application/xhtml+xml,application/xml;q=0.9,*/*;q=0.8',
      'accept-language': 'zh-CN,zh;q=0.8,zh-TW;q=0.7,zh-HK;q=0.5,en-US;q=0.3,en;q=0.2',
      'accept-encoding': 'gzip, deflate, br, zstd',
      connection: 'keep-alive',
      cookie: 'Webstorm-3565e98b=6cc461ea-2313-4958-8de5-fb02727381f6',
      'upgrade-insecure-requests': '1',
      'sec-fetch-dest': 'document',
      'sec-fetch-mode': 'navigate',
      'sec-fetch-site': 'none',
      'sec-fetch-user': '?1',
      priority: 'u=0, i',
      pragma: 'no-cache',
      'cache-control': 'no-cache'
    }
  },
  response: {
    status: 404,
    message: 'Not Found',
    header: [Object: null prototype] {
      'access-control-allow-origin': 'http://localhost:8081',
      'access-control-allow-headers': 'Origin, X-Requested-With, Content-Type, Accept, accesstoken',
      'access-control-allow-credentials': 'true'
    }
  },
  app: { subdomainOffset: 2, proxy: false, env: 'development' },
  originalUrl: '/',
  req: '<original node req>',
  res: '<original node res>',
  socket: '<original node socket>'
}
server error [Error: ENOENT: no such file or directory, open 'D:\test_project\testServerless\node-docker\koa-vue-framework-simple\vue-pages\test.html'] {
  errno: -4058,
  code: 'ENOENT',
  syscall: 'open',
  path: 'D:\\test_project\\testServerless\\node-docker\\koa-vue-framework-simple\\vue-pages\\test.html'
} {
  request: {
    method: 'GET',
    url: '/',
    header: {
      host: 'localhost:3002',
      'user-agent': 'Mozilla/5.0 (Windows NT 10.0; Win64; x64; rv:134.0) Gecko/20100101 Firefox/134.0',
      accept: 'text/html,application/xhtml+xml,application/xml;q=0.9,*/*;q=0.8',
      'accept-language': 'zh-CN,zh;q=0.8,zh-TW;q=0.7,zh-HK;q=0.5,en-US;q=0.3,en;q=0.2',
      'accept-encoding': 'gzip, deflate, br, zstd',
      connection: 'keep-alive',
      cookie: 'Webstorm-3565e98b=6cc461ea-2313-4958-8de5-fb02727381f6',
      'upgrade-insecure-requests': '1',
      'sec-fetch-dest': 'document',
      'sec-fetch-mode': 'navigate',
      'sec-fetch-site': 'none',
      'sec-fetch-user': '?1',
      priority: 'u=0, i',
      pragma: 'no-cache',
      'cache-control': 'no-cache'
    }
  },
  response: {
    status: 404,
    message: 'Not Found',
    header: [Object: null prototype] {
      'access-control-allow-origin': 'http://localhost:8081',
      'access-control-allow-headers': 'Origin, X-Requested-With, Content-Type, Accept, accesstoken',
      'access-control-allow-credentials': 'true'
    }
  },
  app: { subdomainOffset: 2, proxy: false, env: 'development' },
  originalUrl: '/',
  req: '<original node req>',
  res: '<original node res>',
  socket: '<original node socket>'
}
